<?xml version="1.0" encoding="UTF-8"?>
<!-- Generated by org.testng.reporters.JUnitXMLReporter -->
<testsuite ignored="0" hostname="DESKTOP-H694RF0" failures="0" tests="17" name="Default test" time="0.176" errors="0" timestamp="2022-04-07T19:11:12 ICT">
  <testcase classname="com.PolyPro.entity.KhoaHocTest" name="getGhiChuTest" time="0.057"/>
  <testcase classname="com.PolyPro.entity.KhoaHocTest" name="getHocPhiTest" time="0.002"/>
  <testcase classname="com.PolyPro.entity.KhoaHocTest" name="getMaCDTest" time="0.001"/>
  <testcase classname="com.PolyPro.entity.KhoaHocTest" name="getMaKHTest" time="0.002"/>
  <testcase classname="com.PolyPro.entity.KhoaHocTest" name="getMaNVTest" time="0.003"/>
  <testcase classname="com.PolyPro.entity.KhoaHocTest" name="getNgayKGTest" time="0.002"/>
  <testcase classname="com.PolyPro.entity.KhoaHocTest" name="getNgayTaoTest" time="0.001"/>
  <testcase classname="com.PolyPro.entity.KhoaHocTest" name="getThoiLuongTest" time="0.002"/>
  <testcase classname="com.PolyPro.entity.KhoaHocTest" name="setGhiChuTest" time="0.001"/>
  <testcase classname="com.PolyPro.entity.KhoaHocTest" name="setHocPhiTest" time="0.001"/>
  <testcase classname="com.PolyPro.entity.KhoaHocTest" name="setMaCDTest" time="0.001"/>
  <testcase classname="com.PolyPro.entity.KhoaHocTest" name="setMaKHTest" time="0.001"/>
  <testcase classname="com.PolyPro.entity.KhoaHocTest" name="setMaNVTest" time="0.001"/>
  <testcase classname="com.PolyPro.entity.KhoaHocTest" name="setNgayKGTest" time="0.001"/>
  <testcase classname="com.PolyPro.entity.KhoaHocTest" name="setNgayTaoTest" time="0.002"/>
  <testcase classname="com.PolyPro.entity.KhoaHocTest" name="setThoiLuongTest" time="0.001"/>
  <testcase classname="com.PolyPro.entity.KhoaHocTest" name="toStringTest" time="0.013"/>
</testsuite> <!-- Default test -->
