<?xml version="1.0" encoding="UTF-8"?>
<!-- Generated by org.testng.reporters.JUnitXMLReporter -->
<testsuite ignored="0" hostname="DESKTOP-H694RF0" failures="0" tests="13" name="Default test" time="0.122" errors="0" timestamp="2022-04-07T16:51:07 ICT">
  <testcase classname="com.PolyPro.entity.ChuyenDeTest" name="getHinhTest" time="0.011"/>
  <testcase classname="com.PolyPro.entity.ChuyenDeTest" name="getHocPhiTest" time="0.002"/>
  <testcase classname="com.PolyPro.entity.ChuyenDeTest" name="getMaCDTest" time="0.002"/>
  <testcase classname="com.PolyPro.entity.ChuyenDeTest" name="getMoTaTest" time="0.002"/>
  <testcase classname="com.PolyPro.entity.ChuyenDeTest" name="getTenCDTest" time="0.002"/>
  <testcase classname="com.PolyPro.entity.ChuyenDeTest" name="getThoiLuongTest" time="0.001"/>
  <testcase classname="com.PolyPro.entity.ChuyenDeTest" name="setHinhTest" time="0.002"/>
  <testcase classname="com.PolyPro.entity.ChuyenDeTest" name="setHocPhiTest" time="0.002"/>
  <testcase classname="com.PolyPro.entity.ChuyenDeTest" name="setMaCDTest" time="0.001"/>
  <testcase classname="com.PolyPro.entity.ChuyenDeTest" name="setMoTaTest" time="0.003"/>
  <testcase classname="com.PolyPro.entity.ChuyenDeTest" name="setTenCDTest" time="0.001"/>
  <testcase classname="com.PolyPro.entity.ChuyenDeTest" name="setThoiLuongTest" time="0.002"/>
  <testcase classname="com.PolyPro.entity.ChuyenDeTest" name="toStringTest" time="0.002"/>
</testsuite> <!-- Default test -->
