<?xml version="1.0" encoding="UTF-8"?>
<!-- Generated by org.testng.reporters.JUnitXMLReporter -->
<testsuite ignored="0" hostname="DESKTOP-H694RF0" failures="0" tests="39" name="Test" time="0.184" errors="0" timestamp="2022-04-14T21:14:12 ICT">
  <testcase classname="com.PolyPro.entity.NhanVienTest" name="getHoTenTest" time="0.001"/>
  <testcase classname="com.PolyPro.entity.NhanVienTest" name="getMaNVTest" time="0.002"/>
  <testcase classname="com.PolyPro.entity.NhanVienTest" name="getMatKhauTest" time="0.002"/>
  <testcase classname="com.PolyPro.entity.NhanVienTest" name="isVaiTroTest" time="0.001"/>
  <testcase classname="com.PolyPro.entity.NhanVienTest" name="setHoTenTest" time="0.002"/>
  <testcase classname="com.PolyPro.entity.NhanVienTest" name="setMaNVTest" time="0.003"/>
  <testcase classname="com.PolyPro.entity.NhanVienTest" name="setMatKhauTest" time="0.001"/>
  <testcase classname="com.PolyPro.entity.NhanVienTest" name="setVaiTroTest" time="0.001"/>
  <testcase classname="com.PolyPro.entity.NhanVienTest" name="toStringTest" time="0.002"/>
  <testcase classname="com.PolyPro.entity.ChuyenDeTest" name="getHinhTest" time="0.001"/>
  <testcase classname="com.PolyPro.entity.ChuyenDeTest" name="getHocPhiTest" time="0.001"/>
  <testcase classname="com.PolyPro.entity.ChuyenDeTest" name="getMaCDTest" time="0.002"/>
  <testcase classname="com.PolyPro.entity.ChuyenDeTest" name="getMoTaTest" time="0.002"/>
  <testcase classname="com.PolyPro.entity.ChuyenDeTest" name="getTenCDTest" time="0.001"/>
  <testcase classname="com.PolyPro.entity.ChuyenDeTest" name="getThoiLuongTest" time="0.002"/>
  <testcase classname="com.PolyPro.entity.ChuyenDeTest" name="setHinhTest" time="0.003"/>
  <testcase classname="com.PolyPro.entity.ChuyenDeTest" name="setHocPhiTest" time="0.002"/>
  <testcase classname="com.PolyPro.entity.ChuyenDeTest" name="setMaCDTest" time="0.001"/>
  <testcase classname="com.PolyPro.entity.ChuyenDeTest" name="setMoTaTest" time="0.001"/>
  <testcase classname="com.PolyPro.entity.ChuyenDeTest" name="setTenCDTest" time="0.002"/>
  <testcase classname="com.PolyPro.entity.ChuyenDeTest" name="setThoiLuongTest" time="0.002"/>
  <testcase classname="com.PolyPro.entity.ChuyenDeTest" name="toStringTest" time="0.002"/>
  <testcase classname="com.PolyPro.entity.KhoaHocTest" name="getGhiChuTest" time="0.006"/>
  <testcase classname="com.PolyPro.entity.KhoaHocTest" name="getHocPhiTest" time="0.001"/>
  <testcase classname="com.PolyPro.entity.KhoaHocTest" name="getMaCDTest" time="0.003"/>
  <testcase classname="com.PolyPro.entity.KhoaHocTest" name="getMaKHTest" time="0.002"/>
  <testcase classname="com.PolyPro.entity.KhoaHocTest" name="getMaNVTest" time="0.002"/>
  <testcase classname="com.PolyPro.entity.KhoaHocTest" name="getNgayKGTest" time="0.004"/>
  <testcase classname="com.PolyPro.entity.KhoaHocTest" name="getNgayTaoTest" time="0.001"/>
  <testcase classname="com.PolyPro.entity.KhoaHocTest" name="getThoiLuongTest" time="0.002"/>
  <testcase classname="com.PolyPro.entity.KhoaHocTest" name="setGhiChuTest" time="0.002"/>
  <testcase classname="com.PolyPro.entity.KhoaHocTest" name="setHocPhiTest" time="0.001"/>
  <testcase classname="com.PolyPro.entity.KhoaHocTest" name="setMaCDTest" time="0.002"/>
  <testcase classname="com.PolyPro.entity.KhoaHocTest" name="setMaKHTest" time="0.002"/>
  <testcase classname="com.PolyPro.entity.KhoaHocTest" name="setMaNVTest" time="0.002"/>
  <testcase classname="com.PolyPro.entity.KhoaHocTest" name="setNgayKGTest" time="0.002"/>
  <testcase classname="com.PolyPro.entity.KhoaHocTest" name="setNgayTaoTest" time="0.002"/>
  <testcase classname="com.PolyPro.entity.KhoaHocTest" name="setThoiLuongTest" time="0.003"/>
  <testcase classname="com.PolyPro.entity.KhoaHocTest" name="toStringTest" time="0.003"/>
</testsuite> <!-- Test -->
