<?xml version="1.0" encoding="UTF-8"?>
<!-- Generated by org.testng.reporters.JUnitXMLReporter -->
<testsuite ignored="5" hostname="DESKTOP-H694RF0" failures="0" tests="9" name="TestNGDAO" time="1.655" errors="0" timestamp="2022-04-14T21:14:12 ICT">
  <testcase classname="com.PolyPro.DAO.NhanVienDAOTestNG" name="insertTest" time="0.864"/>
  <testcase classname="com.PolyPro.DAO.NhanVienDAOTestNG" name="selectByIdTest" time="0.045"/>
  <testcase classname="com.PolyPro.DAO.NhanVienDAOTestNG" name="updateTest" time="0.13"/>
  <testcase classname="com.PolyPro.DAO.NhanVienDAOTestNG" name="resetPasswordTest" time="0.124"/>
  <testcase classname="com.PolyPro.DAO.NhanVienDAOTestNG" name="deleteTest" time="0.092"/>
  <testcase classname="com.PolyPro.DAO.ChuyenDeDAOTestNG" name="insertTest" time="0.081"/>
  <testcase classname="com.PolyPro.DAO.ChuyenDeDAOTestNG" name="selectByIdTest" time="0.043"/>
  <testcase classname="com.PolyPro.DAO.ChuyenDeDAOTestNG" name="updateTest" time="0.116"/>
  <testcase classname="com.PolyPro.DAO.ChuyenDeDAOTestNG" name="deleteTest" time="0.057"/>
  <testcase classname="com.PolyPro.DAO.ChuyenDeDAOTestNG" name="selectInCourseTest" time="0.0">
    <ignored/>
  </testcase> <!-- selectInCourseTest -->
  <testcase classname="com.PolyPro.DAO.NhanVienDAOTestNG" name="selectAllTest" time="0.0">
    <ignored/>
  </testcase> <!-- selectAllTest -->
  <testcase classname="com.PolyPro.DAO.NhanVienDAOTestNG" name="selectBySqlTest" time="0.0">
    <ignored/>
  </testcase> <!-- selectBySqlTest -->
  <testcase classname="com.PolyPro.DAO.ChuyenDeDAOTestNG" name="selectBySqlTest" time="0.0">
    <ignored/>
  </testcase> <!-- selectBySqlTest -->
  <testcase classname="com.PolyPro.DAO.ChuyenDeDAOTestNG" name="selectAllTest" time="0.0">
    <ignored/>
  </testcase> <!-- selectAllTest -->
</testsuite> <!-- TestNGDAO -->
