<?xml version="1.0" encoding="UTF-8"?>
<testng-results ignored="0" total="39" passed="39" failed="0" skipped="0">
  <reporter-output>
  </reporter-output>
  <suite started-at="2022-04-07T19:11:45 ICT" name="Suite" finished-at="2022-04-07T19:11:46 ICT" duration-ms="265">
    <groups>
    </groups>
    <test started-at="2022-04-07T19:11:45 ICT" name="Test" finished-at="2022-04-07T19:11:46 ICT" duration-ms="265">
      <class name="com.PolyPro.entity.NhanVienTest">
        <test-method is-config="true" signature="beforeClass()[pri:0, instance:com.PolyPro.entity.NhanVienTest@1ddf84b8]" started-at="2022-04-07T19:11:45 ICT" name="beforeClass" finished-at="2022-04-07T19:11:45 ICT" duration-ms="7" status="PASS">
          <reporter-output>
          </reporter-output>
        </test-method> <!-- beforeClass -->
        <test-method signature="getHoTenTest()[pri:0, instance:com.PolyPro.entity.NhanVienTest@1ddf84b8]" started-at="2022-04-07T19:11:45 ICT" name="getHoTenTest" finished-at="2022-04-07T19:11:45 ICT" duration-ms="11" status="PASS">
          <reporter-output>
          </reporter-output>
        </test-method> <!-- getHoTenTest -->
        <test-method signature="getMaNVTest()[pri:0, instance:com.PolyPro.entity.NhanVienTest@1ddf84b8]" started-at="2022-04-07T19:11:45 ICT" name="getMaNVTest" finished-at="2022-04-07T19:11:45 ICT" duration-ms="2" status="PASS">
          <reporter-output>
          </reporter-output>
        </test-method> <!-- getMaNVTest -->
        <test-method signature="getMatKhauTest()[pri:0, instance:com.PolyPro.entity.NhanVienTest@1ddf84b8]" started-at="2022-04-07T19:11:45 ICT" name="getMatKhauTest" finished-at="2022-04-07T19:11:45 ICT" duration-ms="3" status="PASS">
          <reporter-output>
          </reporter-output>
        </test-method> <!-- getMatKhauTest -->
        <test-method signature="isVaiTroTest()[pri:0, instance:com.PolyPro.entity.NhanVienTest@1ddf84b8]" started-at="2022-04-07T19:11:45 ICT" name="isVaiTroTest" finished-at="2022-04-07T19:11:45 ICT" duration-ms="1" status="PASS">
          <reporter-output>
          </reporter-output>
        </test-method> <!-- isVaiTroTest -->
        <test-method signature="setHoTenTest()[pri:0, instance:com.PolyPro.entity.NhanVienTest@1ddf84b8]" started-at="2022-04-07T19:11:45 ICT" name="setHoTenTest" finished-at="2022-04-07T19:11:45 ICT" duration-ms="1" status="PASS">
          <reporter-output>
          </reporter-output>
        </test-method> <!-- setHoTenTest -->
        <test-method signature="setMaNVTest()[pri:0, instance:com.PolyPro.entity.NhanVienTest@1ddf84b8]" started-at="2022-04-07T19:11:45 ICT" name="setMaNVTest" finished-at="2022-04-07T19:11:45 ICT" duration-ms="0" status="PASS">
          <reporter-output>
          </reporter-output>
        </test-method> <!-- setMaNVTest -->
        <test-method signature="setMatKhauTest()[pri:0, instance:com.PolyPro.entity.NhanVienTest@1ddf84b8]" started-at="2022-04-07T19:11:45 ICT" name="setMatKhauTest" finished-at="2022-04-07T19:11:45 ICT" duration-ms="2" status="PASS">
          <reporter-output>
          </reporter-output>
        </test-method> <!-- setMatKhauTest -->
        <test-method signature="setVaiTroTest()[pri:0, instance:com.PolyPro.entity.NhanVienTest@1ddf84b8]" started-at="2022-04-07T19:11:45 ICT" name="setVaiTroTest" finished-at="2022-04-07T19:11:45 ICT" duration-ms="2" status="PASS">
          <reporter-output>
          </reporter-output>
        </test-method> <!-- setVaiTroTest -->
        <test-method signature="toStringTest()[pri:0, instance:com.PolyPro.entity.NhanVienTest@1ddf84b8]" started-at="2022-04-07T19:11:45 ICT" name="toStringTest" finished-at="2022-04-07T19:11:45 ICT" duration-ms="1" status="PASS">
          <reporter-output>
          </reporter-output>
        </test-method> <!-- toStringTest -->
        <test-method is-config="true" signature="afterClass()[pri:0, instance:com.PolyPro.entity.NhanVienTest@1ddf84b8]" started-at="2022-04-07T19:11:45 ICT" name="afterClass" finished-at="2022-04-07T19:11:45 ICT" duration-ms="0" status="PASS">
          <reporter-output>
          </reporter-output>
        </test-method> <!-- afterClass -->
      </class> <!-- com.PolyPro.entity.NhanVienTest -->
      <class name="com.PolyPro.entity.KhoaHocTest">
        <test-method is-config="true" signature="beforeClass()[pri:0, instance:com.PolyPro.entity.KhoaHocTest@31368b99]" started-at="2022-04-07T19:11:46 ICT" name="beforeClass" finished-at="2022-04-07T19:11:46 ICT" duration-ms="0" status="PASS">
          <reporter-output>
          </reporter-output>
        </test-method> <!-- beforeClass -->
        <test-method signature="getGhiChuTest()[pri:0, instance:com.PolyPro.entity.KhoaHocTest@31368b99]" started-at="2022-04-07T19:11:46 ICT" name="getGhiChuTest" finished-at="2022-04-07T19:11:46 ICT" duration-ms="65" status="PASS">
          <reporter-output>
          </reporter-output>
        </test-method> <!-- getGhiChuTest -->
        <test-method signature="getHocPhiTest()[pri:0, instance:com.PolyPro.entity.KhoaHocTest@31368b99]" started-at="2022-04-07T19:11:46 ICT" name="getHocPhiTest" finished-at="2022-04-07T19:11:46 ICT" duration-ms="1" status="PASS">
          <reporter-output>
          </reporter-output>
        </test-method> <!-- getHocPhiTest -->
        <test-method signature="getMaCDTest()[pri:0, instance:com.PolyPro.entity.KhoaHocTest@31368b99]" started-at="2022-04-07T19:11:46 ICT" name="getMaCDTest" finished-at="2022-04-07T19:11:46 ICT" duration-ms="1" status="PASS">
          <reporter-output>
          </reporter-output>
        </test-method> <!-- getMaCDTest -->
        <test-method signature="getMaKHTest()[pri:0, instance:com.PolyPro.entity.KhoaHocTest@31368b99]" started-at="2022-04-07T19:11:46 ICT" name="getMaKHTest" finished-at="2022-04-07T19:11:46 ICT" duration-ms="0" status="PASS">
          <reporter-output>
          </reporter-output>
        </test-method> <!-- getMaKHTest -->
        <test-method signature="getMaNVTest()[pri:0, instance:com.PolyPro.entity.KhoaHocTest@31368b99]" started-at="2022-04-07T19:11:46 ICT" name="getMaNVTest" finished-at="2022-04-07T19:11:46 ICT" duration-ms="1" status="PASS">
          <reporter-output>
          </reporter-output>
        </test-method> <!-- getMaNVTest -->
        <test-method signature="getNgayKGTest()[pri:0, instance:com.PolyPro.entity.KhoaHocTest@31368b99]" started-at="2022-04-07T19:11:46 ICT" name="getNgayKGTest" finished-at="2022-04-07T19:11:46 ICT" duration-ms="0" status="PASS">
          <reporter-output>
          </reporter-output>
        </test-method> <!-- getNgayKGTest -->
        <test-method signature="getNgayTaoTest()[pri:0, instance:com.PolyPro.entity.KhoaHocTest@31368b99]" started-at="2022-04-07T19:11:46 ICT" name="getNgayTaoTest" finished-at="2022-04-07T19:11:46 ICT" duration-ms="1" status="PASS">
          <reporter-output>
          </reporter-output>
        </test-method> <!-- getNgayTaoTest -->
        <test-method signature="getThoiLuongTest()[pri:0, instance:com.PolyPro.entity.KhoaHocTest@31368b99]" started-at="2022-04-07T19:11:46 ICT" name="getThoiLuongTest" finished-at="2022-04-07T19:11:46 ICT" duration-ms="1" status="PASS">
          <reporter-output>
          </reporter-output>
        </test-method> <!-- getThoiLuongTest -->
        <test-method signature="setGhiChuTest()[pri:0, instance:com.PolyPro.entity.KhoaHocTest@31368b99]" started-at="2022-04-07T19:11:46 ICT" name="setGhiChuTest" finished-at="2022-04-07T19:11:46 ICT" duration-ms="1" status="PASS">
          <reporter-output>
          </reporter-output>
        </test-method> <!-- setGhiChuTest -->
        <test-method signature="setHocPhiTest()[pri:0, instance:com.PolyPro.entity.KhoaHocTest@31368b99]" started-at="2022-04-07T19:11:46 ICT" name="setHocPhiTest" finished-at="2022-04-07T19:11:46 ICT" duration-ms="1" status="PASS">
          <reporter-output>
          </reporter-output>
        </test-method> <!-- setHocPhiTest -->
        <test-method signature="setMaCDTest()[pri:0, instance:com.PolyPro.entity.KhoaHocTest@31368b99]" started-at="2022-04-07T19:11:46 ICT" name="setMaCDTest" finished-at="2022-04-07T19:11:46 ICT" duration-ms="1" status="PASS">
          <reporter-output>
          </reporter-output>
        </test-method> <!-- setMaCDTest -->
        <test-method signature="setMaKHTest()[pri:0, instance:com.PolyPro.entity.KhoaHocTest@31368b99]" started-at="2022-04-07T19:11:46 ICT" name="setMaKHTest" finished-at="2022-04-07T19:11:46 ICT" duration-ms="1" status="PASS">
          <reporter-output>
          </reporter-output>
        </test-method> <!-- setMaKHTest -->
        <test-method signature="setMaNVTest()[pri:0, instance:com.PolyPro.entity.KhoaHocTest@31368b99]" started-at="2022-04-07T19:11:46 ICT" name="setMaNVTest" finished-at="2022-04-07T19:11:46 ICT" duration-ms="1" status="PASS">
          <reporter-output>
          </reporter-output>
        </test-method> <!-- setMaNVTest -->
        <test-method signature="setNgayKGTest()[pri:0, instance:com.PolyPro.entity.KhoaHocTest@31368b99]" started-at="2022-04-07T19:11:46 ICT" name="setNgayKGTest" finished-at="2022-04-07T19:11:46 ICT" duration-ms="1" status="PASS">
          <reporter-output>
          </reporter-output>
        </test-method> <!-- setNgayKGTest -->
        <test-method signature="setNgayTaoTest()[pri:0, instance:com.PolyPro.entity.KhoaHocTest@31368b99]" started-at="2022-04-07T19:11:46 ICT" name="setNgayTaoTest" finished-at="2022-04-07T19:11:46 ICT" duration-ms="0" status="PASS">
          <reporter-output>
          </reporter-output>
        </test-method> <!-- setNgayTaoTest -->
        <test-method signature="setThoiLuongTest()[pri:0, instance:com.PolyPro.entity.KhoaHocTest@31368b99]" started-at="2022-04-07T19:11:46 ICT" name="setThoiLuongTest" finished-at="2022-04-07T19:11:46 ICT" duration-ms="1" status="PASS">
          <reporter-output>
          </reporter-output>
        </test-method> <!-- setThoiLuongTest -->
        <test-method signature="toStringTest()[pri:0, instance:com.PolyPro.entity.KhoaHocTest@31368b99]" started-at="2022-04-07T19:11:46 ICT" name="toStringTest" finished-at="2022-04-07T19:11:46 ICT" duration-ms="14" status="PASS">
          <reporter-output>
          </reporter-output>
        </test-method> <!-- toStringTest -->
        <test-method is-config="true" signature="afterClass()[pri:0, instance:com.PolyPro.entity.KhoaHocTest@31368b99]" started-at="2022-04-07T19:11:46 ICT" name="afterClass" finished-at="2022-04-07T19:11:46 ICT" duration-ms="0" status="PASS">
          <reporter-output>
          </reporter-output>
        </test-method> <!-- afterClass -->
      </class> <!-- com.PolyPro.entity.KhoaHocTest -->
      <class name="com.PolyPro.entity.ChuyenDeTest">
        <test-method is-config="true" signature="beforeClass()[pri:0, instance:com.PolyPro.entity.ChuyenDeTest@50b472aa]" started-at="2022-04-07T19:11:45 ICT" name="beforeClass" finished-at="2022-04-07T19:11:45 ICT" duration-ms="1" status="PASS">
          <reporter-output>
          </reporter-output>
        </test-method> <!-- beforeClass -->
        <test-method signature="getHinhTest()[pri:0, instance:com.PolyPro.entity.ChuyenDeTest@50b472aa]" started-at="2022-04-07T19:11:45 ICT" name="getHinhTest" finished-at="2022-04-07T19:11:45 ICT" duration-ms="3" status="PASS">
          <reporter-output>
          </reporter-output>
        </test-method> <!-- getHinhTest -->
        <test-method signature="getHocPhiTest()[pri:0, instance:com.PolyPro.entity.ChuyenDeTest@50b472aa]" started-at="2022-04-07T19:11:45 ICT" name="getHocPhiTest" finished-at="2022-04-07T19:11:45 ICT" duration-ms="1" status="PASS">
          <reporter-output>
          </reporter-output>
        </test-method> <!-- getHocPhiTest -->
        <test-method signature="getMaCDTest()[pri:0, instance:com.PolyPro.entity.ChuyenDeTest@50b472aa]" started-at="2022-04-07T19:11:45 ICT" name="getMaCDTest" finished-at="2022-04-07T19:11:45 ICT" duration-ms="1" status="PASS">
          <reporter-output>
          </reporter-output>
        </test-method> <!-- getMaCDTest -->
        <test-method signature="getMoTaTest()[pri:0, instance:com.PolyPro.entity.ChuyenDeTest@50b472aa]" started-at="2022-04-07T19:11:45 ICT" name="getMoTaTest" finished-at="2022-04-07T19:11:45 ICT" duration-ms="1" status="PASS">
          <reporter-output>
          </reporter-output>
        </test-method> <!-- getMoTaTest -->
        <test-method signature="getTenCDTest()[pri:0, instance:com.PolyPro.entity.ChuyenDeTest@50b472aa]" started-at="2022-04-07T19:11:45 ICT" name="getTenCDTest" finished-at="2022-04-07T19:11:45 ICT" duration-ms="1" status="PASS">
          <reporter-output>
          </reporter-output>
        </test-method> <!-- getTenCDTest -->
        <test-method signature="getThoiLuongTest()[pri:0, instance:com.PolyPro.entity.ChuyenDeTest@50b472aa]" started-at="2022-04-07T19:11:45 ICT" name="getThoiLuongTest" finished-at="2022-04-07T19:11:45 ICT" duration-ms="2" status="PASS">
          <reporter-output>
          </reporter-output>
        </test-method> <!-- getThoiLuongTest -->
        <test-method signature="setHinhTest()[pri:0, instance:com.PolyPro.entity.ChuyenDeTest@50b472aa]" started-at="2022-04-07T19:11:45 ICT" name="setHinhTest" finished-at="2022-04-07T19:11:45 ICT" duration-ms="1" status="PASS">
          <reporter-output>
          </reporter-output>
        </test-method> <!-- setHinhTest -->
        <test-method signature="setHocPhiTest()[pri:0, instance:com.PolyPro.entity.ChuyenDeTest@50b472aa]" started-at="2022-04-07T19:11:45 ICT" name="setHocPhiTest" finished-at="2022-04-07T19:11:45 ICT" duration-ms="1" status="PASS">
          <reporter-output>
          </reporter-output>
        </test-method> <!-- setHocPhiTest -->
        <test-method signature="setMaCDTest()[pri:0, instance:com.PolyPro.entity.ChuyenDeTest@50b472aa]" started-at="2022-04-07T19:11:45 ICT" name="setMaCDTest" finished-at="2022-04-07T19:11:45 ICT" duration-ms="1" status="PASS">
          <reporter-output>
          </reporter-output>
        </test-method> <!-- setMaCDTest -->
        <test-method signature="setMoTaTest()[pri:0, instance:com.PolyPro.entity.ChuyenDeTest@50b472aa]" started-at="2022-04-07T19:11:45 ICT" name="setMoTaTest" finished-at="2022-04-07T19:11:45 ICT" duration-ms="1" status="PASS">
          <reporter-output>
          </reporter-output>
        </test-method> <!-- setMoTaTest -->
        <test-method signature="setTenCDTest()[pri:0, instance:com.PolyPro.entity.ChuyenDeTest@50b472aa]" started-at="2022-04-07T19:11:45 ICT" name="setTenCDTest" finished-at="2022-04-07T19:11:45 ICT" duration-ms="2" status="PASS">
          <reporter-output>
          </reporter-output>
        </test-method> <!-- setTenCDTest -->
        <test-method signature="setThoiLuongTest()[pri:0, instance:com.PolyPro.entity.ChuyenDeTest@50b472aa]" started-at="2022-04-07T19:11:45 ICT" name="setThoiLuongTest" finished-at="2022-04-07T19:11:45 ICT" duration-ms="1" status="PASS">
          <reporter-output>
          </reporter-output>
        </test-method> <!-- setThoiLuongTest -->
        <test-method signature="toStringTest()[pri:0, instance:com.PolyPro.entity.ChuyenDeTest@50b472aa]" started-at="2022-04-07T19:11:45 ICT" name="toStringTest" finished-at="2022-04-07T19:11:46 ICT" duration-ms="2" status="PASS">
          <reporter-output>
          </reporter-output>
        </test-method> <!-- toStringTest -->
        <test-method is-config="true" signature="afterClass()[pri:0, instance:com.PolyPro.entity.ChuyenDeTest@50b472aa]" started-at="2022-04-07T19:11:46 ICT" name="afterClass" finished-at="2022-04-07T19:11:46 ICT" duration-ms="0" status="PASS">
          <reporter-output>
          </reporter-output>
        </test-method> <!-- afterClass -->
      </class> <!-- com.PolyPro.entity.ChuyenDeTest -->
    </test> <!-- Test -->
  </suite> <!-- Suite -->
</testng-results>
