<?xml version="1.0" encoding="UTF-8"?>
<testng-results ignored="16" total="17" passed="1" failed="0" skipped="0">
  <reporter-output>
  </reporter-output>
  <suite started-at="2022-04-08T01:06:00 ICT" name="Default suite" finished-at="2022-04-08T01:06:00 ICT" duration-ms="106">
    <groups>
    </groups>
    <test started-at="2022-04-08T01:06:00 ICT" name="Default test" finished-at="2022-04-08T01:06:00 ICT" duration-ms="106">
      <class name="com.PolyPro.entity.NguoiHocTest">
        <test-method signature="toStringTest()[pri:0, instance:com.PolyPro.entity.NguoiHocTest@1534f01b]" started-at="2022-04-08T01:06:00 ICT" name="toStringTest" finished-at="2022-04-08T01:06:00 ICT" duration-ms="60" status="PASS">
          <reporter-output>
          </reporter-output>
        </test-method> <!-- toStringTest -->
      </class> <!-- com.PolyPro.entity.NguoiHocTest -->
    </test> <!-- Default test -->
  </suite> <!-- Default suite -->
</testng-results>
