<?xml version="1.0" encoding="UTF-8"?>
<!-- Generated by org.testng.reporters.JUnitXMLReporter -->
<testsuite ignored="0" hostname="DESKTOP-H694RF0" failures="0" tests="3" name="SaveTestNGResultToExcel" time="12.293" errors="0" timestamp="2022-04-14T21:13:23 ICT">
  <testcase classname="com.WebDriver.main.WebDriverTest" name="LaunchWebsite" time="4.784"/>
  <testcase classname="com.WebDriver.main.WebDriverTest" name="FillLoginDetails" time="1.63"/>
  <testcase classname="com.WebDriver.main.WebDriverTest" name="DoLogin" time="3.038"/>
</testsuite> <!-- SaveTestNGResultToExcel -->
